<?xml version="1.0" encoding="UTF-8"?>
<!-- Generated by org.testng.reporters.JUnitXMLReporter -->
<testsuite hostname="Sachin-Sharma" ignored="0" name="sanity test" tests="5" failures="0" timestamp="30 Oct 2021 05:44:19 GMT" time="0.146" errors="0">
  <testcase name="test" time="0.021" classname="TestNGSessions.ExpectedExceptionConcept"/>
  <testcase name="loginTest" time="0.007" classname="TestNGSessions.DependsOnMethod"/>
  <testcase name="homePageTest" time="0.009" classname="TestNGSessions.DependsOnMethod"/>
  <testcase name="homePageTest" time="0.009" classname="TestNGSessions.DependsOnMethod"/>
  <testcase name="searchTest" time="0.004" classname="TestNGSessions.DependsOnMethod"/>
</testsuite> <!-- sanity test -->
