<?xml version="1.0" encoding="UTF-8"?>
<!-- Generated by org.testng.reporters.JUnitXMLReporter -->
<testsuite hostname="Sachin-Sharma" ignored="1" name="LoginTest" tests="2" failures="0" timestamp="01 Nov 2021 12:33:42 GMT" time="22.446" errors="0">
  <testcase name="pageTitleTest" time="0.225" classname="com.tests.LoginTest"/>
  <testcase name="loginTest" time="11.084" classname="com.tests.LoginTest"/>
  <testcase name="signUpLinkTest" time="0.0" classname="com.tests.LoginTest">
    <ignored/>
  </testcase> <!-- signUpLinkTest -->
</testsuite> <!-- LoginTest -->
