<?xml version="1.0" encoding="UTF-8"?>
<!-- Generated by org.testng.reporters.JUnitXMLReporter -->
<testsuite hostname="Sachin-Sharma" ignored="0" name="my test" tests="4" failures="0" timestamp="01 Nov 2021 08:53:21 GMT" time="28.064" errors="0">
  <testcase name="verifySignUpLinkTest" time="1.205" classname="com.tests.SignUpTest"/>
  <testcase name="pageTitleTest" time="0.021" classname="com.tests.LoginTest"/>
  <testcase name="signUpLinkTest" time="0.189" classname="com.tests.LoginTest"/>
  <testcase name="loginTest" time="11.539" classname="com.tests.LoginTest"/>
</testsuite> <!-- my test -->
